This is XeTeX, Version 3.14159265-2.6-0.99998 (MiKTeX 2.9.6300) (preloaded format=xelatex 2017.5.30)  31 MAY 2017 02:58
entering extended mode
**./kursinis.tex
(kursinis.tex
LaTeX2e <2017-04-15>
Babel <3.9r> and hyphenation patterns for 75 language(s) loaded.
(VUMIFPSkursinis.cls
Document Class: VUMIFPSkursinis 2015/02/03 1.0 VU MIF SE course work class
("C:\Users\Guest69\AppData\Local\Programs\MiKTeX 2.9\tex\latex\base\article.cls
"
Document Class: article 2014/09/29 v1.4h Standard LaTeX document class
("C:\Users\Guest69\AppData\Local\Programs\MiKTeX 2.9\tex\latex\base\size12.clo"
File: size12.clo 2014/09/29 v1.4h Standard LaTeX file (size option)
)
\c@part=\count79
\c@section=\count80
\c@subsection=\count81
\c@subsubsection=\count82
\c@paragraph=\count83
\c@subparagraph=\count84
\c@figure=\count85
\c@table=\count86
\abovecaptionskip=\skip41
\belowcaptionskip=\skip42
\bibindent=\dimen102
) (LTPlius.sty
Package: LTPlius 2014/12/24 1.4.0 Lithuanian language additions

("C:\Users\Guest69\AppData\Local\Programs\MiKTeX 2.9\tex\latex\polyglossia\poly
glossia.sty"
Package: polyglossia 2015/03/25 v1.42.4 Alternative to Babel for XeLaTeX and Lu
aLaTeX

("C:\Users\Guest69\AppData\Local\Programs\MiKTeX 2.9\tex\latex\etoolbox\etoolbo
x.sty"
Package: etoolbox 2017/01/02 v2.4 e-TeX tools for LaTeX (JAW)
\etb@tempcnta=\count87
)
("C:\Users\Guest69\AppData\Local\Programs\MiKTeX 2.9\tex\latex\makecmds\makecmd
s.sty"
Package: makecmds 2009/09/03 v1.0a extra command making commands
)
("C:\Users\Guest69\AppData\Local\Programs\MiKTeX 2.9\tex\latex\xkeyval\xkeyval.
sty"
Package: xkeyval 2014/12/03 v2.7a package option processing (HA)

("C:\Users\Guest69\AppData\Local\Programs\MiKTeX 2.9\tex\generic\xkeyval\xkeyva
l.tex"
("C:\Users\Guest69\AppData\Local\Programs\MiKTeX 2.9\tex\generic\xkeyval\xkvuti
ls.tex"
\XKV@toks=\toks14
\XKV@tempa@toks=\toks15

("C:\Users\Guest69\AppData\Local\Programs\MiKTeX 2.9\tex\generic\xkeyval\keyval
.tex"))
\XKV@depth=\count88
File: xkeyval.tex 2014/12/03 v2.7a key=value parser (HA)
))
("C:\Users\Guest69\AppData\Local\Programs\MiKTeX 2.9\tex\latex\fontspec\fontspe
c.sty"
("C:\Users\Guest69\AppData\Local\Programs\MiKTeX 2.9\tex\latex\l3kernel\expl3.s
ty"
Package: expl3 2017/05/13 L3 programming layer (loader) 

("C:\Users\Guest69\AppData\Local\Programs\MiKTeX 2.9\tex\latex\l3kernel\expl3-c
ode.tex"
Package: expl3 2017/05/13 L3 programming layer (code)
\c_max_int=\count89
\l_tmpa_int=\count90
\l_tmpb_int=\count91
\g_tmpa_int=\count92
\g_tmpb_int=\count93
\g__prg_map_int=\count94
\c_log_iow=\count95
\l_iow_line_count_int=\count96
\l__iow_line_target_int=\count97
\l__iow_one_indent_int=\count98
\l__iow_indent_int=\count99
\c_zero_dim=\dimen103
\c_max_dim=\dimen104
\l_tmpa_dim=\dimen105
\l_tmpb_dim=\dimen106
\g_tmpa_dim=\dimen107
\g_tmpb_dim=\dimen108
\c_zero_skip=\skip43
\c_max_skip=\skip44
\l_tmpa_skip=\skip45
\l_tmpb_skip=\skip46
\g_tmpa_skip=\skip47
\g_tmpb_skip=\skip48
\c_zero_muskip=\muskip10
\c_max_muskip=\muskip11
\l_tmpa_muskip=\muskip12
\l_tmpb_muskip=\muskip13
\g_tmpa_muskip=\muskip14
\g_tmpb_muskip=\muskip15
\l_keys_choice_int=\count100
\c__fp_leading_shift_int=\count101
\c__fp_middle_shift_int=\count102
\c__fp_trailing_shift_int=\count103
\c__fp_big_leading_shift_int=\count104
\c__fp_big_middle_shift_int=\count105
\c__fp_big_trailing_shift_int=\count106
\c__fp_Bigg_leading_shift_int=\count107
\c__fp_Bigg_middle_shift_int=\count108
\c__fp_Bigg_trailing_shift_int=\count109
\l__sort_length_int=\count110
\l__sort_min_int=\count111
\l__sort_top_int=\count112
\l__sort_max_int=\count113
\l__sort_true_max_int=\count114
\l__sort_block_int=\count115
\l__sort_begin_int=\count116
\l__sort_end_int=\count117
\l__sort_A_int=\count118
\l__sort_B_int=\count119
\l__sort_C_int=\count120
\c_empty_box=\box26
\l_tmpa_box=\box27
\l_tmpb_box=\box28
\g_tmpa_box=\box29
\g_tmpb_box=\box30
\l__box_top_dim=\dimen109
\l__box_bottom_dim=\dimen110
\l__box_left_dim=\dimen111
\l__box_right_dim=\dimen112
\l__box_top_new_dim=\dimen113
\l__box_bottom_new_dim=\dimen114
\l__box_left_new_dim=\dimen115
\l__box_right_new_dim=\dimen116
\l__box_internal_box=\box31
\l__coffin_internal_box=\box32
\l__coffin_internal_dim=\dimen117
\l__coffin_offset_x_dim=\dimen118
\l__coffin_offset_y_dim=\dimen119
\l__coffin_x_dim=\dimen120
\l__coffin_y_dim=\dimen121
\l__coffin_x_prime_dim=\dimen122
\l__coffin_y_prime_dim=\dimen123
\c_empty_coffin=\box33
\l__coffin_aligned_coffin=\box34
\l__coffin_aligned_internal_coffin=\box35
\l_tmpa_coffin=\box36
\l_tmpb_coffin=\box37
\l__coffin_display_coffin=\box38
\l__coffin_display_coord_coffin=\box39
\l__coffin_display_pole_coffin=\box40
\l__coffin_display_offset_dim=\dimen124
\l__coffin_display_x_dim=\dimen125
\l__coffin_display_y_dim=\dimen126
\l__coffin_bounding_shift_dim=\dimen127
\l__coffin_left_corner_dim=\dimen128
\l__coffin_right_corner_dim=\dimen129
\l__coffin_bottom_corner_dim=\dimen130
\l__coffin_top_corner_dim=\dimen131
\l__coffin_scaled_total_height_dim=\dimen132
\l__coffin_scaled_width_dim=\dimen133
)
("C:\Users\Guest69\AppData\Local\Programs\MiKTeX 2.9\tex\latex\l3kernel\l3xdvip
dfmx.def"
File: l3xdvidpfmx.def 2017/03/18 v L3 Experimental driver: xdvipdfmx
\l__driver_tmp_box=\box41
))
("C:\Users\Guest69\AppData\Local\Programs\MiKTeX 2.9\tex\latex\l3packages\xpars
e\xparse.sty"
Package: xparse 2017/05/13 L3 Experimental document command parser
\l__xparse_current_arg_int=\count121
\g__xparse_grabber_int=\count122
\l__xparse_m_args_int=\count123
\l__xparse_mandatory_args_int=\count124
\l__xparse_v_nesting_int=\count125
)
Package: fontspec 2017/03/31 v2.6a Font selection for XeLaTeX and LuaLaTeX

("C:\Users\Guest69\AppData\Local\Programs\MiKTeX 2.9\tex\latex\fontspec\fontspe
c-xetex.sty"
Package: fontspec-xetex 2017/03/31 v2.6a Font selection for XeLaTeX and LuaLaTe
X
\l__fontspec_script_int=\count126
\l__fontspec_language_int=\count127
\l__fontspec_strnum_int=\count128
\l__fontspec_tmp_int=\count129
\l__fontspec_em_int=\count130
\l__fontspec_emdef_int=\count131
\l__fontspec_strong_int=\count132
\l__fontspec_strongdef_int=\count133
\l__fontspec_tmpa_dim=\dimen134
\l__fontspec_tmpb_dim=\dimen135
\l__fontspec_tmpc_dim=\dimen136
\g__file_internal_ior=\read1

("C:\Users\Guest69\AppData\Local\Programs\MiKTeX 2.9\tex\latex\base\fontenc.sty
"
Package: fontenc 2017/04/05 v2.0i Standard LaTeX package
 ("C:\Users\Guest69\AppData\Local\Programs\MiKTeX 2.9\tex\latex\base\tuenc.def"
File: tuenc.def 2017/04/05 v2.0i Standard LaTeX file
LaTeX Font Info:    Redeclaring font encoding TU on input line 82.
))
.................................................
. LaTeX info: "xparse/define-command"
. 
. Defining command \fontspec with sig. 'O{}mO{}' on line 472.
.................................................
.................................................
. LaTeX info: "xparse/define-command"
. 
. Defining command \setmainfont with sig. 'O{}mO{}' on line 483.
.................................................
.................................................
. LaTeX info: "xparse/define-command"
. 
. Defining command \setsansfont with sig. 'O{}mO{}' on line 503.
.................................................
.................................................
. LaTeX info: "xparse/define-command"
. 
. Defining command \setmonofont with sig. 'O{}mO{}' on line 523.
.................................................
.................................................
. LaTeX info: "xparse/define-command"
. 
. Defining command \setromanfont with sig. 'O{}mO{}' on line 543.
.................................................
.................................................
. LaTeX info: "xparse/define-command"
. 
. Defining command \setmathrm with sig. 'O{}mO{}' on line 547.
.................................................
.................................................
. LaTeX info: "xparse/define-command"
. 
. Defining command \setboldmathrm with sig. 'O{}mO{}' on line 555.
.................................................
.................................................
. LaTeX info: "xparse/define-command"
. 
. Defining command \setmathsf with sig. 'O{}mO{}' on line 563.
.................................................
.................................................
. LaTeX info: "xparse/define-command"
. 
. Defining command \setmathtt with sig. 'O{}mO{}' on line 571.
.................................................
.................................................
. LaTeX info: "xparse/define-command"
. 
. Defining command \newfontfamily with sig. 'mO{}mO{}' on line 586.
.................................................
.................................................
. LaTeX info: "xparse/define-command"
. 
. Defining command \newfontface with sig. 'mO{}mO{}' on line 603.
.................................................
.................................................
. LaTeX info: "xparse/define-command"
. 
. Defining command \defaultfontfeatures with sig. 't+om' on line 614.
.................................................
.................................................
. LaTeX info: "xparse/define-command"
. 
. Defining command \addfontfeatures with sig. 'm' on line 645.
.................................................
.................................................
. LaTeX info: "xparse/define-command"
. 
. Defining command \newfontfeature with sig. 'mm' on line 672.
.................................................
.................................................
. LaTeX info: "xparse/define-command"
. 
. Defining command \newAATfeature with sig. 'mmmm' on line 686.
.................................................
.................................................
. LaTeX info: "xparse/define-command"
. 
. Defining command \newopentypefeature with sig. 'mmm' on line 700.
.................................................
.................................................
. LaTeX info: "xparse/define-command"
. 
. Defining command \newICUfeature with sig. 'mmm' on line 720.
.................................................
.................................................
. LaTeX info: "xparse/define-command"
. 
. Defining command \aliasfontfeature with sig. 'mm' on line 724.
.................................................
.................................................
. LaTeX info: "xparse/define-command"
. 
. Defining command \aliasfontfeatureoption with sig. 'mmm' on line 745.
.................................................
.................................................
. LaTeX info: "xparse/define-command"
. 
. Defining command \newfontscript with sig. 'mm' on line 778.
.................................................
.................................................
. LaTeX info: "xparse/define-command"
. 
. Defining command \newfontlanguage with sig. 'mm' on line 782.
.................................................
.................................................
. LaTeX info: "xparse/define-command"
. 
. Defining command \DeclareFontsExtensions with sig. 'm' on line 786.
.................................................
.................................................
. LaTeX info: "xparse/define-command"
. 
. Defining command \IfFontFeatureActiveTF with sig. 'mmm' on line 797.
.................................................
.................................................
. LaTeX info: "xparse/define-command"
. 
. Defining command \EncodingCommand with sig. 'mO{}m' on line 3438.
.................................................
.................................................
. LaTeX info: "xparse/define-command"
. 
. Defining command \EncodingAccent with sig. 'mm' on line 3444.
.................................................
.................................................
. LaTeX info: "xparse/define-command"
. 
. Defining command \EncodingSymbol with sig. 'mm' on line 3450.
.................................................
.................................................
. LaTeX info: "xparse/define-command"
. 
. Defining command \EncodingComposite with sig. 'mmm' on line 3456.
.................................................
.................................................
. LaTeX info: "xparse/define-command"
. 
. Defining command \EncodingCompositeCommand with sig. 'mmm' on line 3462.
.................................................
.................................................
. LaTeX info: "xparse/define-command"
. 
. Defining command \DeclareUnicodeEncoding with sig. 'mm' on line 3487.
.................................................
.................................................
. LaTeX info: "xparse/define-command"
. 
. Defining command \UndeclareSymbol with sig. 'm' on line 3493.
.................................................
.................................................
. LaTeX info: "xparse/define-command"
. 
. Defining command \UndeclareComposite with sig. 'mm' on line 3501.
.................................................

("C:\Users\Guest69\AppData\Local\Programs\MiKTeX 2.9\tex\latex\fontspec\fontspe
c.cfg")
LaTeX Info: Redefining \itshape on input line 3686.
LaTeX Info: Redefining \slshape on input line 3691.
LaTeX Info: Redefining \scshape on input line 3696.
LaTeX Info: Redefining \upshape on input line 3701.
LaTeX Info: Redefining \em on input line 3731.
LaTeX Info: Redefining \emph on input line 3756.
LaTeX Info: Redefining \- on input line 3807.
.................................................
. LaTeX info: "xparse/redefine-command"
. 
. Redefining command \oldstylenums with sig. 'm' on line 3902.
.................................................
.................................................
. LaTeX info: "xparse/define-command"
. 
. Defining command \liningnums with sig. 'm' on line 3906.
.................................................
))
("C:\Users\Guest69\AppData\Local\Programs\MiKTeX 2.9\tex\generic\oberdiek\iflua
tex.sty"
Package: ifluatex 2016/05/16 v1.4 Provides the ifluatex switch (HO)
Package ifluatex Info: LuaTeX not detected.
)
("C:\Users\Guest69\AppData\Local\Programs\MiKTeX 2.9\tex\generic\ifxetex\ifxete
x.sty"
Package: ifxetex 2010/09/12 v0.6 Provides ifxetex conditional
)
\xpg@normalclass=\XeTeXcharclass1
)
("C:\Users\Guest69\AppData\Local\Programs\MiKTeX 2.9\tex\latex\polyglossia\glos
s-lithuanian.ldf"
File: gloss-lithuanian.ldf polyglossia: module for lithuanian
)
Package polyglossia Info: Default language is lithuanian.

("C:\Users\Guest69\AppData\Local\Programs\MiKTeX 2.9\tex\latex\polyglossia\glos
s-english.ldf"
File: gloss-english.ldf polyglossia: module for english
)
("C:\Users\Guest69\AppData\Local\Programs\MiKTeX 2.9\tex\latex\tools\indentfirs
t.sty"
Package: indentfirst 1995/11/23 v1.03 Indent first paragraph (DPC)
)
("C:\Users\Guest69\AppData\Local\Programs\MiKTeX 2.9\tex\latex\was\icomma.sty"
Package: icomma 2002/03/10 v2.0 (WaS)
)
("C:\Users\Guest69\AppData\Local\Programs\MiKTeX 2.9\tex\latex\caption\caption.
sty"
Package: caption 2016/02/21 v3.3-144 Customizing captions (AR)

("C:\Users\Guest69\AppData\Local\Programs\MiKTeX 2.9\tex\latex\caption\caption3
.sty"
Package: caption3 2016/05/22 v1.7-166 caption3 kernel (AR)
Package caption3 Info: TeX engine: e-TeX on input line 67.
\captionmargin=\dimen137
\captionmargin@=\dimen138
\captionwidth=\dimen139
\caption@tempdima=\dimen140
\caption@indent=\dimen141
\caption@parindent=\dimen142
\caption@hangindent=\dimen143
)
\c@ContinuedFloat=\count134
))
\g__fontspec_family_texgyretermes_int=\count135
.................................................
. fontspec info: "defining-font"
. 
. Font family 'texgyretermes(0)' created for font 'texgyretermes' with options
. [Ligatures=TeX,Ligatures=TeX,Extension=.otf,UprightFont=
. *-regular,BoldFont=*-bold,ItalicFont=*-italic,BoldItalicFont=*-bolditalic].
.  
.  This font family consists of the following NFSS series/shapes:
.  
. - 'normal' (m/n) with NFSS spec.:
. <->"[texgyretermes-regular.otf]/OT:script=latn;language=DFLT;mapping=tex-text
;"
. - 'small caps'  (m/sc) with NFSS spec.:
. <->"[texgyretermes-regular.otf]/OT:script=latn;language=DFLT;+smcp;mapping=te
x-text;"
. - 'bold' (bx/n) with NFSS spec.:
. <->"[texgyretermes-bold.otf]/OT:script=latn;language=DFLT;mapping=tex-text;"
. - 'bold small caps'  (bx/sc) with NFSS spec.:
. <->"[texgyretermes-bold.otf]/OT:script=latn;language=DFLT;+smcp;mapping=tex-t
ext;"
. - 'italic' (m/it) with NFSS spec.:
. <->"[texgyretermes-italic.otf]/OT:script=latn;language=DFLT;mapping=tex-text;
"
. - 'italic small caps'  (m/itsc) with NFSS spec.:
. <->"[texgyretermes-italic.otf]/OT:script=latn;language=DFLT;+smcp;mapping=tex
-text;"
. - 'bold italic' (bx/it) with NFSS spec.:
. <->"[texgyretermes-bolditalic.otf]/OT:script=latn;language=DFLT;mapping=tex-t
ext;"
. - 'bold italic small caps'  (bx/itsc) with NFSS spec.:
. <->"[texgyretermes-bolditalic.otf]/OT:script=latn;language=DFLT;+smcp;mapping
=tex-text;"
.................................................
LaTeX Info: Redefining \rmfamily on input line 28.

("C:\Users\Guest69\AppData\Local\Programs\MiKTeX 2.9\tex\latex\setspace\setspac
e.sty"
Package: setspace 2011/12/19 v6.7a set line spacing
)
("C:\Users\Guest69\AppData\Local\Programs\MiKTeX 2.9\tex\latex\geometry\geometr
y.sty"
Package: geometry 2010/09/12 v5.6 Page Geometry

("C:\Users\Guest69\AppData\Local\Programs\MiKTeX 2.9\tex\generic\oberdiek\ifpdf
.sty"
Package: ifpdf 2017/03/15 v3.2 Provides the ifpdf switch
)
("C:\Users\Guest69\AppData\Local\Programs\MiKTeX 2.9\tex\generic\oberdiek\ifvte
x.sty"
Package: ifvtex 2016/05/16 v1.6 Detect VTeX and its facilities (HO)
Package ifvtex Info: VTeX not detected.
)
\Gm@cnth=\count136
\Gm@cntv=\count137
\c@Gm@tempcnt=\count138
\Gm@bindingoffset=\dimen144
\Gm@wd@mp=\dimen145
\Gm@odd@mp=\dimen146
\Gm@even@mp=\dimen147
\Gm@layoutwidth=\dimen148
\Gm@layoutheight=\dimen149
\Gm@layouthoffset=\dimen150
\Gm@layoutvoffset=\dimen151
\Gm@dimlist=\toks16

("C:\Users\Guest69\AppData\Local\Programs\MiKTeX 2.9\tex\xelatex\xetexconfig\ge
ometry.cfg"))
("C:\Users\Guest69\AppData\Local\Programs\MiKTeX 2.9\tex\latex\tocloft\tocloft.
sty"
Package: tocloft 2013/05/02 v2.3f parameterised ToC, etc., typesetting
Package tocloft Info: The document has section divisions on input line 44.
\cftparskip=\skip49
\cftbeforetoctitleskip=\skip50
\cftaftertoctitleskip=\skip51
\cftbeforepartskip=\skip52
\cftpartnumwidth=\skip53
\cftpartindent=\skip54
\cftbeforesecskip=\skip55
\cftsecindent=\skip56
\cftsecnumwidth=\skip57
\cftbeforesubsecskip=\skip58
\cftsubsecindent=\skip59
\cftsubsecnumwidth=\skip60
\cftbeforesubsubsecskip=\skip61
\cftsubsubsecindent=\skip62
\cftsubsubsecnumwidth=\skip63
\cftbeforeparaskip=\skip64
\cftparaindent=\skip65
\cftparanumwidth=\skip66
\cftbeforesubparaskip=\skip67
\cftsubparaindent=\skip68
\cftsubparanumwidth=\skip69
\cftbeforeloftitleskip=\skip70
\cftafterloftitleskip=\skip71
\cftbeforefigskip=\skip72
\cftfigindent=\skip73
\cftfignumwidth=\skip74
\c@lofdepth=\count139
\c@lotdepth=\count140
\cftbeforelottitleskip=\skip75
\cftafterlottitleskip=\skip76
\cftbeforetabskip=\skip77
\cfttabindent=\skip78
\cfttabnumwidth=\skip79
)
("C:\Users\Guest69\AppData\Local\Programs\MiKTeX 2.9\tex\latex\fancyhdr\fancyhd
r.sty"
Package: fancyhdr 2016/09/06 3.8 Extensive control of page headers and footers
\fancy@headwidth=\skip80
\f@ncyO@elh=\skip81
\f@ncyO@erh=\skip82
\f@ncyO@olh=\skip83
\f@ncyO@orh=\skip84
\f@ncyO@elf=\skip85
\f@ncyO@erf=\skip86
\f@ncyO@olf=\skip87
\f@ncyO@orf=\skip88
)
("C:\Users\Guest69\AppData\Local\Programs\MiKTeX 2.9\tex\latex\silence\silence.
sty"
Package: silence 2012/07/02 v1.5b Selective filtering of warnings and error mes
sages
\sl@Save=\count141
\sl@StateNumber=\count142
\sl@MessageCount=\count143
\sl@Casualties=\count144
\sl@Filter=\toks17
\sl@Message=\toks18
\sl@UnexpandedMessage=\toks19
\sl@Mess@ge=\toks20
\sl@WarningCount=\count145
\sl@WarningNumber=\count146
\sl@WarningCasualties=\count147
\sl@TempBOW=\toks21
\sl@BankOfWarnings=\toks22
LaTeX Info: Redefining \GenericWarning on input line 433.
\sl@ErrorCount=\count148
\sl@ErrorNumber=\count149
\sl@ErrorCasualties=\count150
\sl@TempBOE=\toks23
\sl@BankOfErrors=\toks24
LaTeX Info: Redefining \GenericError on input line 601.
)
("C:\Users\Guest69\AppData\Local\Programs\MiKTeX 2.9\tex\latex\biblatex\biblate
x.sty"
Package: biblatex 2016/12/05 v3.7 programmable bibliographies (PK/JW/AB)

("C:\Users\Guest69\AppData\Local\Programs\MiKTeX 2.9\tex\generic\oberdiek\pdfte
xcmds.sty"
Package: pdftexcmds 2017/03/19 v0.25 Utility functions of pdfTeX for LuaTeX (HO
)

("C:\Users\Guest69\AppData\Local\Programs\MiKTeX 2.9\tex\generic\oberdiek\infwa
rerr.sty"
Package: infwarerr 2016/05/16 v1.4 Providing info/warning/error messages (HO)
)
("C:\Users\Guest69\AppData\Local\Programs\MiKTeX 2.9\tex\generic\oberdiek\ltxcm
ds.sty"
Package: ltxcmds 2016/05/16 v1.23 LaTeX kernel commands for general use (HO)
)
Package pdftexcmds Info: LuaTeX not detected.
Package pdftexcmds Info: pdfTeX >= 1.30 not detected.
Package pdftexcmds Info: \pdf@primitive is available.
Package pdftexcmds Info: \pdf@ifprimitive is available.
Package pdftexcmds Info: \pdfdraftmode not found.
)
("C:\Users\Guest69\AppData\Local\Programs\MiKTeX 2.9\tex\latex\oberdiek\kvoptio
ns.sty"
Package: kvoptions 2016/05/16 v3.12 Key value format for package options (HO)

("C:\Users\Guest69\AppData\Local\Programs\MiKTeX 2.9\tex\generic\oberdiek\kvset
keys.sty"
Package: kvsetkeys 2016/05/16 v1.17 Key value parser (HO)

("C:\Users\Guest69\AppData\Local\Programs\MiKTeX 2.9\tex\generic\oberdiek\etexc
mds.sty"
Package: etexcmds 2016/05/16 v1.6 Avoid name clashes with e-TeX commands (HO)
Package etexcmds Info: Could not find \expanded.
(etexcmds)             That can mean that you are not using pdfTeX 1.50 or
(etexcmds)             that some package has redefined \expanded.
(etexcmds)             In the latter case, load this package earlier.
)))
("C:\Users\Guest69\AppData\Local\Programs\MiKTeX 2.9\tex\latex\logreq\logreq.st
y"
Package: logreq 2010/08/04 v1.0 xml request logger
\lrq@indent=\count151

("C:\Users\Guest69\AppData\Local\Programs\MiKTeX 2.9\tex\latex\logreq\logreq.de
f"
File: logreq.def 2010/08/04 v1.0 logreq spec v1.0
))
("C:\Users\Guest69\AppData\Local\Programs\MiKTeX 2.9\tex\latex\base\ifthen.sty"
Package: ifthen 2014/09/29 v1.1c Standard LaTeX ifthen package (DPC)
) ("C:\Users\Guest69\AppData\Local\Programs\MiKTeX 2.9\tex\latex\url\url.sty"
\Urlmuskip=\muskip16
Package: url 2013/09/16  ver 3.4  Verb mode for urls, etc.
)
("C:\Users\Guest69\AppData\Local\Programs\MiKTeX 2.9\tex\latex\xstring\xstring.
sty"
("C:\Users\Guest69\AppData\Local\Programs\MiKTeX 2.9\tex\generic\xstring\xstrin
g.tex"
\@xs@message=\write3
\integerpart=\count152
\decimalpart=\count153
)
Package: xstring 2013/10/13  v1.7c  String manipulations (C Tellechea)
)
\c@tabx@nest=\count154
\c@listtotal=\count155
\c@listcount=\count156
\c@liststart=\count157
\c@liststop=\count158
\c@citecount=\count159
\c@citetotal=\count160
\c@multicitecount=\count161
\c@multicitetotal=\count162
\c@instcount=\count163
\c@maxnames=\count164
\c@minnames=\count165
\c@maxitems=\count166
\c@minitems=\count167
\c@citecounter=\count168
\c@savedcitecounter=\count169
\c@uniquelist=\count170
\c@uniquename=\count171
\c@refsection=\count172
\c@refsegment=\count173
\c@maxextratitle=\count174
\c@maxextratitleyear=\count175
\c@maxextrayear=\count176
\c@maxextraalpha=\count177
\c@abbrvpenalty=\count178
\c@highnamepenalty=\count179
\c@lownamepenalty=\count180
\c@maxparens=\count181
\c@parenlevel=\count182
\blx@tempcnta=\count183
\blx@tempcntb=\count184
\blx@tempcntc=\count185
\blx@maxsection=\count186
\blx@maxsegment@0=\count187
\blx@notetype=\count188
\blx@parenlevel@text=\count189
\blx@parenlevel@foot=\count190
\blx@sectionciteorder@0=\count191
\labelnumberwidth=\skip89
\labelalphawidth=\skip90
\biblabelsep=\skip91
\bibitemsep=\skip92
\bibnamesep=\skip93
\bibinitsep=\skip94
\bibparsep=\skip95
\bibhang=\skip96
\blx@bcfin=\read2
\blx@bcfout=\write4
\c@mincomprange=\count192
\c@maxcomprange=\count193
\c@mincompwidth=\count194
Package biblatex Info: Trying to load biblatex default data model...
Package biblatex Info: ... file 'blx-dm.def' found.

("C:\Users\Guest69\AppData\Local\Programs\MiKTeX 2.9\tex\latex\biblatex\blx-dm.
def")
Package biblatex Info: Trying to load biblatex style data model...
Package biblatex Info: ... file 'trad-alpha.dbx' not found.
Package biblatex Info: Trying to load biblatex custom data model...
Package biblatex Info: ... file 'biblatex-dm.cfg' not found.
\c@afterword=\count195
\c@savedafterword=\count196
\c@annotator=\count197
\c@savedannotator=\count198
\c@author=\count199
\c@savedauthor=\count266
\c@bookauthor=\count267
\c@savedbookauthor=\count268
\c@commentator=\count269
\c@savedcommentator=\count270
\c@editor=\count271
\c@savededitor=\count272
\c@editora=\count273
\c@savededitora=\count274
\c@editorb=\count275
\c@savededitorb=\count276
\c@editorc=\count277
\c@savededitorc=\count278
\c@foreword=\count279
\c@savedforeword=\count280
\c@holder=\count281
\c@savedholder=\count282
\c@introduction=\count283
\c@savedintroduction=\count284
\c@namea=\count285
\c@savednamea=\count286
\c@nameb=\count287
\c@savednameb=\count288
\c@namec=\count289
\c@savednamec=\count290
\c@translator=\count291
\c@savedtranslator=\count292
\c@shortauthor=\count293
\c@savedshortauthor=\count294
\c@shorteditor=\count295
\c@savedshorteditor=\count296
\c@labelname=\count297
\c@savedlabelname=\count298
\c@institution=\count299
\c@savedinstitution=\count300
\c@lista=\count301
\c@savedlista=\count302
\c@listb=\count303
\c@savedlistb=\count304
\c@listc=\count305
\c@savedlistc=\count306
\c@listd=\count307
\c@savedlistd=\count308
\c@liste=\count309
\c@savedliste=\count310
\c@listf=\count311
\c@savedlistf=\count312
\c@location=\count313
\c@savedlocation=\count314
\c@organization=\count315
\c@savedorganization=\count316
\c@origlocation=\count317
\c@savedoriglocation=\count318
\c@origpublisher=\count319
\c@savedorigpublisher=\count320
\c@publisher=\count321
\c@savedpublisher=\count322
\c@language=\count323
\c@savedlanguage=\count324
\c@pageref=\count325
\c@savedpageref=\count326
\shorthandwidth=\skip97
\shortjournalwidth=\skip98
\shortserieswidth=\skip99
\shorttitlewidth=\skip100
\shortauthorwidth=\skip101
\shorteditorwidth=\skip102
Package biblatex Info: Trying to load compatibility code...
Package biblatex Info: ... file 'blx-compat.def' found.

("C:\Users\Guest69\AppData\Local\Programs\MiKTeX 2.9\tex\latex\biblatex\blx-com
pat.def"
File: blx-compat.def 2016/12/05 v3.7 biblatex compatibility (PK/JW/AB)
)
Package biblatex Info: Trying to load generic definitions...
Package biblatex Info: ... file 'biblatex.def' found.

("C:\Users\Guest69\AppData\Local\Programs\MiKTeX 2.9\tex\latex\biblatex\biblate
x.def"
File: biblatex.def 2016/12/05 v3.7 biblatex compatibility (PK/JW/AB)
\c@textcitecount=\count327
\c@textcitetotal=\count328
\c@textcitemaxnames=\count329
\c@biburlnumpenalty=\count330
\c@biburlucpenalty=\count331
\c@biburllcpenalty=\count332
\c@smartand=\count333
)
Package biblatex Info: Trying to load bibliography style 'trad-alpha'...
Package biblatex Info: ... file 'trad-alpha.bbx' found.

("C:\Users\Guest69\AppData\Local\Programs\MiKTeX 2.9\tex\latex\biblatex-trad\tr
ad-alpha.bbx"
File: trad-alpha.bbx 2016/06/26 v0.3 biblatex-trad
Package biblatex Info: Trying to load bibliography style 'trad-standard'...
Package biblatex Info: ... file 'trad-standard.bbx' found.

("C:\Users\Guest69\AppData\Local\Programs\MiKTeX 2.9\tex\latex\biblatex-trad\tr
ad-standard.bbx"
File: trad-standard.bbx 2016/06/26 v0.3 biblatex-trad
Package biblatex Info: Trying to load bibliography style 'standard'...
Package biblatex Info: ... file 'standard.bbx' found.

("C:\Users\Guest69\AppData\Local\Programs\MiKTeX 2.9\tex\latex\biblatex\bbx\sta
ndard.bbx"
File: standard.bbx 2016/12/05 v3.7 biblatex bibliography style (PK/JW/AB)
\c@bbx:relatedcount=\count334
\c@bbx:relatedtotal=\count335
)

Package biblatex Warning: Macro 'in:' already defined.
(biblatex)                Using \renewbibmacro.

))
Package biblatex Info: Trying to load citation style 'trad-alpha'...
Package biblatex Info: ... file 'trad-alpha.cbx' found.

("C:\Users\Guest69\AppData\Local\Programs\MiKTeX 2.9\tex\latex\biblatex-trad\tr
ad-alpha.cbx"
File: trad-alpha.cbx 2016/06/26 v0.3 biblatex-trad
Package biblatex Info: Trying to load citation style 'alphabetic'...
Package biblatex Info: ... file 'alphabetic.cbx' found.

("C:\Users\Guest69\AppData\Local\Programs\MiKTeX 2.9\tex\latex\biblatex\cbx\alp
habetic.cbx"
File: alphabetic.cbx 2016/12/05 v3.7 biblatex citation style (PK/JW/AB)
Package biblatex Info: Redefining '\cite'.
Package biblatex Info: Redefining '\parencite'.
Package biblatex Info: Redefining '\footcite'.
Package biblatex Info: Redefining '\footcitetext'.
Package biblatex Info: Redefining '\smartcite'.
Package biblatex Info: Redefining '\textcite'.
Package biblatex Info: Redefining '\textcites'.
Package biblatex Info: Redefining '\cites'.
Package biblatex Info: Redefining '\parencites'.
Package biblatex Info: Redefining '\smartcites'.
))
Package biblatex Info: Trying to load configuration file...
Package biblatex Info: ... file 'biblatex.cfg' found.

("C:\Users\Guest69\AppData\Local\Programs\MiKTeX 2.9\tex\latex\biblatex\biblate
x.cfg"
File: biblatex.cfg 
)

Package biblatex Warning: 'iso8601' date format specifier is deprecated, use 'e
dtf' instead.


Package biblatex Warning: 'iso8601' date format specifier is deprecated, use 'e
dtf' instead.


Package biblatex Warning: 'iso8601' date format specifier is deprecated, use 'e
dtf' instead.


Package biblatex Warning: 'iso8601' date format specifier is deprecated, use 'e
dtf' instead.


Package biblatex Warning: 'iso8601' date format specifier is deprecated, use 'e
dtf' instead.

)
("C:\Users\Guest69\AppData\Local\Programs\MiKTeX 2.9\tex\latex\csquotes\csquote
s.sty"
Package: csquotes 2017/03/11 v5.2b context-sensitive quotations (JAW)
\csq@reset=\count336
\csq@gtype=\count337
\csq@glevel=\count338
\csq@qlevel=\count339
\csq@maxlvl=\count340
\csq@tshold=\count341
\csq@ltx@everypar=\toks25

("C:\Users\Guest69\AppData\Local\Programs\MiKTeX 2.9\tex\latex\csquotes\csquote
s.def"
File: csquotes.def 2017/03/11 v5.2b csquotes generic definitions (JAW)
)
Package csquotes Info: Trying to load configuration file 'csquotes.cfg'...
Package csquotes Info: ... configuration file loaded successfully.
 (csquotes.cfg
File: csquotes.cfg 
)
Package csquotes Info: Disabling multilingual quotes.
Package csquotes Info: Redefining alias 'default' -> 'lithuanian'.
))
("C:\Users\Guest69\AppData\Local\Programs\MiKTeX 2.9\tex\latex\algorithmicx\alg
orithmicx.sty"
Package: algorithmicx 2005/04/27 v1.2 Algorithmicx

Document Style algorithmicx 1.2 - a greatly improved `algorithmic' style
\c@ALG@line=\count342
\c@ALG@rem=\count343
\c@ALG@nested=\count344
\ALG@tlm=\skip103
\ALG@thistlm=\skip104
\c@ALG@Lnr=\count345
\c@ALG@blocknr=\count346
\c@ALG@storecount=\count347
\c@ALG@tmpcounter=\count348
\ALG@tmplength=\skip105
)
("C:\Users\Guest69\AppData\Local\Programs\MiKTeX 2.9\tex\latex\algorithms\algor
ithm.sty"
Invalid UTF-8 byte or sequence at line 11 replaced by U+FFFD.
Package: algorithm 2009/08/24 v0.1 Document Style `algorithm' - floating enviro
nment

("C:\Users\Guest69\AppData\Local\Programs\MiKTeX 2.9\tex\latex\float\float.sty"
Package: float 2001/11/08 v1.3d Float enhancements (AL)
\c@float@type=\count349
\float@exts=\toks26
\float@box=\box42
\@float@everytoks=\toks27
\@floatcapt=\box43
)
\@float@every@algorithm=\toks28
\c@algorithm=\count350
)
("C:\Users\Guest69\AppData\Local\Programs\MiKTeX 2.9\tex\latex\algorithmicx\alg
pseudocode.sty"
Package: algpseudocode 

Document Style - pseudocode environments for use with the `algorithmicx' style
)
("C:\Users\Guest69\AppData\Local\Programs\MiKTeX 2.9\tex\latex\amsfonts\amsfont
s.sty"
Package: amsfonts 2013/01/14 v3.01 Basic AMSFonts support
\@emptytoks=\toks29
\symAMSa=\mathgroup4
\symAMSb=\mathgroup5
LaTeX Font Info:    Overwriting math alphabet `\mathfrak' in version `bold'
(Font)                  U/euf/m/n --> U/euf/b/n on input line 106.
)
("C:\Users\Guest69\AppData\Local\Programs\MiKTeX 2.9\tex\latex\amsmath\amsmath.
sty"
Package: amsmath 2016/11/05 v2.16a AMS math features
\@mathmargin=\skip106

For additional information on amsmath, use the `?' option.

("C:\Users\Guest69\AppData\Local\Programs\MiKTeX 2.9\tex\latex\amsmath\amstext.
sty"
Package: amstext 2000/06/29 v2.01 AMS text

("C:\Users\Guest69\AppData\Local\Programs\MiKTeX 2.9\tex\latex\amsmath\amsgen.s
ty"
File: amsgen.sty 1999/11/30 v2.0 generic functions
\@emptytoks=\toks30
\ex@=\dimen152
))
("C:\Users\Guest69\AppData\Local\Programs\MiKTeX 2.9\tex\latex\amsmath\amsbsy.s
ty"
Package: amsbsy 1999/11/29 v1.2d Bold Symbols
\pmbraise@=\dimen153
)
("C:\Users\Guest69\AppData\Local\Programs\MiKTeX 2.9\tex\latex\amsmath\amsopn.s
ty"
Package: amsopn 2016/03/08 v2.02 operator names
)
\inf@bad=\count351
LaTeX Info: Redefining \frac on input line 213.
\uproot@=\count352
\leftroot@=\count353
LaTeX Info: Redefining \overline on input line 375.
\classnum@=\count354
\DOTSCASE@=\count355
LaTeX Info: Redefining \ldots on input line 472.
LaTeX Info: Redefining \dots on input line 475.
LaTeX Info: Redefining \cdots on input line 596.
\Mathstrutbox@=\box44
\strutbox@=\box45
\big@size=\dimen154
LaTeX Font Info:    Redeclaring font encoding OML on input line 712.
LaTeX Font Info:    Redeclaring font encoding OMS on input line 713.
\macc@depth=\count356
\c@MaxMatrixCols=\count357
\dotsspace@=\muskip17
\c@parentequation=\count358
\dspbrk@lvl=\count359
\tag@help=\toks31
\row@=\count360
\column@=\count361
\maxfields@=\count362
\andhelp@=\toks32
\eqnshift@=\dimen155
\alignsep@=\dimen156
\tagshift@=\dimen157
\tagwidth@=\dimen158
\totwidth@=\dimen159
\lineht@=\dimen160
\@envbody=\toks33
\multlinegap=\skip107
\multlinetaggap=\skip108
\mathdisplay@stack=\toks34
LaTeX Info: Redefining \[ on input line 2817.
LaTeX Info: Redefining \] on input line 2818.
)
("C:\Users\Guest69\AppData\Local\Programs\MiKTeX 2.9\tex\latex\tools\bm.sty"
Package: bm 2017/01/16 v1.2c Bold Symbol Support (DPC/FMi)
\symboldoperators=\mathgroup6
\symboldletters=\mathgroup7
\symboldsymbols=\mathgroup8
LaTeX Font Info:    Redeclaring math alphabet \mathbf on input line 141.
LaTeX Info: Redefining \bm on input line 207.
)
("C:\Users\Guest69\AppData\Local\Programs\MiKTeX 2.9\tex\latex\graphics\color.s
ty"
Package: color 2016/07/10 v1.1e Standard LaTeX Color (DPC)

("C:\Users\Guest69\AppData\Local\Programs\MiKTeX 2.9\tex\latex\graphics-cfg\col
or.cfg"
File: color.cfg 2016/01/02 v1.6 sample color configuration
)
Package color Info: Driver file: xetex.def on input line 147.

("C:\Users\Guest69\AppData\Local\Programs\MiKTeX 2.9\tex\latex\graphics-def\xet
ex.def"
File: xetex.def 2016/07/11 v4.10 LaTeX color/graphics driver for XeTeX (L3/RRM/
JK)
))
("C:\Users\Guest69\AppData\Local\Programs\MiKTeX 2.9\tex\latex\graphics\graphic
x.sty"
Package: graphicx 2014/10/28 v1.0g Enhanced LaTeX Graphics (DPC,SPQR)

("C:\Users\Guest69\AppData\Local\Programs\MiKTeX 2.9\tex\latex\graphics\graphic
s.sty"
Package: graphics 2017/04/14 v1.1b Standard LaTeX Graphics (DPC,SPQR)

("C:\Users\Guest69\AppData\Local\Programs\MiKTeX 2.9\tex\latex\graphics\trig.st
y"
Package: trig 2016/01/03 v1.10 sin cos tan (DPC)
)
("C:\Users\Guest69\AppData\Local\Programs\MiKTeX 2.9\tex\latex\graphics-cfg\gra
phics.cfg"
File: graphics.cfg 2016/06/04 v1.11 sample graphics configuration
)
Package graphics Info: Driver file: xetex.def on input line 99.
)
\Gin@req@height=\dimen161
\Gin@req@width=\dimen162
)
("C:\Users\Guest69\AppData\Local\Programs\MiKTeX 2.9\tex\latex\listings\listing
s.sty"
\lst@mode=\count363
\lst@gtempboxa=\box46
\lst@token=\toks35
\lst@length=\count364
\lst@currlwidth=\dimen163
\lst@column=\count365
\lst@pos=\count366
\lst@lostspace=\dimen164
\lst@width=\dimen165
\lst@newlines=\count367
\lst@lineno=\count368
\lst@maxwidth=\dimen166

("C:\Users\Guest69\AppData\Local\Programs\MiKTeX 2.9\tex\latex\listings\lstmisc
.sty"
File: lstmisc.sty 2015/06/04 1.6 (Carsten Heinz)
\c@lstnumber=\count369
\lst@skipnumbers=\count370
\lst@framebox=\box47
)
("C:\Users\Guest69\AppData\Local\Programs\MiKTeX 2.9\tex\latex\listings\listing
s.cfg"
File: listings.cfg 2015/06/04 1.6 listings configuration
))
Package: listings 2015/06/04 1.6 (Carsten Heinz)

("C:\Users\Guest69\AppData\Local\Programs\MiKTeX 2.9\tex\latex\subfig\subfig.st
y"
Package: subfig 2005/06/28 ver: 1.3 subfig package
\c@KVtest=\count371
\sf@farskip=\skip109
\sf@captopadj=\dimen167
\sf@capskip=\skip110
\sf@nearskip=\skip111
\c@subfigure=\count372
\c@subfigure@save=\count373
\c@subtable=\count374
\c@subtable@save=\count375
\sf@top=\skip112
\sf@bottom=\skip113
)
("C:\Users\Guest69\AppData\Local\Programs\MiKTeX 2.9\tex\latex\wrapfig\wrapfig.
sty"
\wrapoverhang=\dimen168
\WF@size=\dimen169
\c@WF@wrappedlines=\count376
\WF@box=\box48
\WF@everypar=\toks36
Package: wrapfig 2003/01/31  v 3.6
)
Package biblatex Info: Trying to load language 'english'...
Package biblatex Info: ... file 'english.lbx' found.

("C:\Users\Guest69\AppData\Local\Programs\MiKTeX 2.9\tex\latex\biblatex\lbx\eng
lish.lbx"
File: english.lbx 2016/12/05 v3.7 biblatex localization (PK/JW/AB)
)
Package biblatex Info: Trying to load language 'lithuanian'...
Package biblatex Info: ... file 'lithuanian.lbx' found.
 (lithuanian.lbx
File: lithuanian.lbx 2016/12/05 v3.7 biblatex localization (PK/JW/AB)$Id: lithu
anian.lbx,v 1.0 2015/02/05 20:21:28 niekas stable $
)

Package biblatex Warning: Conflicting options.
(biblatex)                'date=edtf' requires 'seconds=true'.
(biblatex)                Setting 'seconds=true' on input line 30.

(kursinis.aux)
\openout1 = `kursinis.aux'.

LaTeX Font Info:    Checking defaults for OML/cmm/m/it on input line 30.
LaTeX Font Info:    ... okay on input line 30.
LaTeX Font Info:    Checking defaults for T1/cmr/m/n on input line 30.
LaTeX Font Info:    ... okay on input line 30.
LaTeX Font Info:    Checking defaults for OT1/cmr/m/n on input line 30.
LaTeX Font Info:    ... okay on input line 30.
LaTeX Font Info:    Checking defaults for OMS/cmsy/m/n on input line 30.
LaTeX Font Info:    ... okay on input line 30.
LaTeX Font Info:    Checking defaults for TU/lmr/m/n on input line 30.
LaTeX Font Info:    ... okay on input line 30.
LaTeX Font Info:    Checking defaults for OMX/cmex/m/n on input line 30.
LaTeX Font Info:    ... okay on input line 30.
LaTeX Font Info:    Checking defaults for U/cmr/m/n on input line 30.
LaTeX Font Info:    ... okay on input line 30.
.................................................
. fontspec info: "setup-math"
. 
. Adjusting the maths setup (use [no-math] to avoid this).
.................................................
\symlegacymaths=\mathgroup9
LaTeX Font Info:    Overwriting symbol font `legacymaths' in version `bold'
(Font)                  OT1/cmr/m/n --> OT1/cmr/bx/n on input line 30.
LaTeX Font Info:    Redeclaring math accent \acute on input line 30.
LaTeX Font Info:    Redeclaring math accent \grave on input line 30.
LaTeX Font Info:    Redeclaring math accent \ddot on input line 30.
LaTeX Font Info:    Redeclaring math accent \tilde on input line 30.
LaTeX Font Info:    Redeclaring math accent \bar on input line 30.
LaTeX Font Info:    Redeclaring math accent \breve on input line 30.
LaTeX Font Info:    Redeclaring math accent \check on input line 30.
LaTeX Font Info:    Redeclaring math accent \hat on input line 30.
LaTeX Font Info:    Redeclaring math accent \dot on input line 30.
LaTeX Font Info:    Redeclaring math accent \mathring on input line 30.
LaTeX Font Info:    Redeclaring math symbol \Gamma on input line 30.
LaTeX Font Info:    Redeclaring math symbol \Delta on input line 30.
LaTeX Font Info:    Redeclaring math symbol \Theta on input line 30.
LaTeX Font Info:    Redeclaring math symbol \Lambda on input line 30.
LaTeX Font Info:    Redeclaring math symbol \Xi on input line 30.
LaTeX Font Info:    Redeclaring math symbol \Pi on input line 30.
LaTeX Font Info:    Redeclaring math symbol \Sigma on input line 30.
LaTeX Font Info:    Redeclaring math symbol \Upsilon on input line 30.
LaTeX Font Info:    Redeclaring math symbol \Phi on input line 30.
LaTeX Font Info:    Redeclaring math symbol \Psi on input line 30.
LaTeX Font Info:    Redeclaring math symbol \Omega on input line 30.
LaTeX Font Info:    Redeclaring math symbol \mathdollar on input line 30.
LaTeX Font Info:    Redeclaring symbol font `operators' on input line 30.
LaTeX Font Info:    Encoding `OT1' has changed to `TU' for symbol font
(Font)              `operators' in the math version `normal' on input line 30.
LaTeX Font Info:    Overwriting symbol font `operators' in version `normal'
(Font)                  OT1/cmr/m/n --> TU/texgyretermes(0)/m/n on input line 3
0.
LaTeX Font Info:    Encoding `OT1' has changed to `TU' for symbol font
(Font)              `operators' in the math version `bold' on input line 30.
LaTeX Font Info:    Overwriting symbol font `operators' in version `bold'
(Font)                  OT1/cmr/bx/n --> TU/texgyretermes(0)/m/n on input line 
30.
LaTeX Font Info:    Overwriting symbol font `operators' in version `normal'
(Font)                  TU/texgyretermes(0)/m/n --> TU/texgyretermes(0)/m/n on 
input line 30.
LaTeX Font Info:    Overwriting math alphabet `\mathit' in version `normal'
(Font)                  OT1/cmr/m/it --> TU/texgyretermes(0)/m/it on input line
 30.
LaTeX Font Info:    Overwriting math alphabet `\mathbf' in version `normal'
(Font)                  OT1/cmr/bx/n --> TU/texgyretermes(0)/bx/n on input line
 30.
LaTeX Font Info:    Overwriting math alphabet `\mathsf' in version `normal'
(Font)                  OT1/cmss/m/n --> TU/lmss/m/n on input line 30.
LaTeX Font Info:    Overwriting math alphabet `\mathtt' in version `normal'
(Font)                  OT1/cmtt/m/n --> TU/lmtt/m/n on input line 30.
LaTeX Font Info:    Overwriting symbol font `operators' in version `bold'
(Font)                  TU/texgyretermes(0)/m/n --> TU/texgyretermes(0)/bx/n on
 input line 30.
LaTeX Font Info:    Overwriting math alphabet `\mathit' in version `bold'
(Font)                  OT1/cmr/bx/it --> TU/texgyretermes(0)/bx/it on input li
ne 30.
LaTeX Font Info:    Overwriting math alphabet `\mathsf' in version `bold'
(Font)                  OT1/cmss/bx/n --> TU/lmss/bx/n on input line 30.
LaTeX Font Info:    Overwriting math alphabet `\mathtt' in version `bold'
(Font)                  OT1/cmtt/m/n --> TU/lmtt/bx/n on input line 30.
Package caption Info: Begin \AtBeginDocument code.
Package caption Info: subfig package v1.3 is loaded.
Package caption Info: float package is loaded.
Package caption Info: listings package is loaded.
Package caption Info: wrapfig package is loaded.
Package caption Info: End \AtBeginDocument code.

*geometry* detected driver: pdftex
*geometry* verbose mode - [ preamble ] result:
* driver: pdftex
* paper: <default>
* layout: <same size as paper>
* layoutoffset:(h,v)=(0.0pt,0.0pt)
* modes: 
* h-part:(L,W,R)=(85.35826pt, 469.47049pt, 42.67912pt)
* v-part:(T,H,B)=(56.9055pt, 731.23584pt, 56.9055pt)
* \paperwidth=597.50787pt
* \paperheight=845.04684pt
* \textwidth=469.47049pt
* \textheight=731.23584pt
* \oddsidemargin=13.08827pt
* \evensidemargin=13.08827pt
* \topmargin=-52.36449pt
* \headheight=12.0pt
* \headsep=25.0pt
* \topskip=12.0pt
* \footskip=17.07182pt
* \marginparwidth=35.0pt
* \marginparsep=10.0pt
* \columnsep=10.0pt
* \skip\footins=10.8pt plus 4.0pt minus 2.0pt
* \hoffset=0.0pt
* \voffset=0.0pt
* \mag=1000
* \@twocolumnfalse
* \@twosidefalse
* \@mparswitchfalse
* \@reversemarginfalse
* (1in=72.27pt=25.4mm, 1cm=28.453pt)

Package biblatex Info: XeTeX detected.
(biblatex)             Assuming input encoding 'utf8'.
Package biblatex Info: Automatic encoding selection.
(biblatex)             Assuming data encoding 'utf8'.
\openout4 = `kursinis.bcf'.

Package biblatex Info: Trying to load bibliographic data...
Package biblatex Info: ... file 'kursinis.bbl' not found.
No file kursinis.bbl.
Package biblatex Info: Reference section=0 on input line 30.
Package biblatex Info: Reference segment=0 on input line 30.
\c@lstlisting=\count377
! Undefined control sequence.
<recently read> \@titleineng 
                             
l.31 \maketitle
               
The control sequence at the end of the top line
of your error message was never \def'ed. If you have
misspelled it (e.g., `\hobx'), type `I' and the correct
spelling (e.g., `I\hbox'). Otherwise just continue,
and I'll forget about whatever was undefined.

LaTeX Font Info:    Try loading font information for U+msa on input line 31.
("C:\Users\Guest69\AppData\Local\Programs\MiKTeX 2.9\tex\latex\amsfonts\umsa.fd
"
File: umsa.fd 2013/01/14 v3.01 AMS symbols A
)
LaTeX Font Info:    Try loading font information for U+msb on input line 31.

("C:\Users\Guest69\AppData\Local\Programs\MiKTeX 2.9\tex\latex\amsfonts\umsb.fd
"
File: umsb.fd 2013/01/14 v3.01 AMS symbols B
) [1

] (kursinis.toc)
\tf@toc=\write5
\openout5 = `kursinis.toc'.

 [1

] [2

]
File: img/vortex.png Graphic file (type QTm)
 <use  "img/vortex.png" >
Underfull \hbox (badness 10000) in paragraph at lines 43--44

 []

File: img/gliding.png Graphic file (type QTm)
<use  "img/gliding.png" >
File: img/upstroke.png Graphic file (type QTm)
 <use  "img/upstroke.png" >
File: img/downstroke.png Graphic file (type QTm)

<use  "img/downstroke.png" >
File: img/liftforce.png Graphic file (type QTm)
 <use  "img/liftforce.png" >
File: img/downwind.png Graphic file (type QTm)

<use  "img/downwind.png" >
File: img/angle.png Graphic file (type QTm)
 <use  "img/angle.png" >
Overfull \hbox (26.42493pt too wide) in paragraph at lines 52--59
[] 
 []


Overfull \hbox (17.42502pt too wide) in paragraph at lines 52--59
[] 
 []


Overfull \hbox (26.42493pt too wide) in paragraph at lines 52--59
[] 
 []


Underfull \hbox (badness 10000) in paragraph at lines 52--59

 []

[3

] [4] [5]
File: img/scheme.png Graphic file (type QTm)
 <use  "img/scheme.png" >
Underfull \hbox (badness 10000) in paragraph at lines 61--62

 []

[6

]
Underfull \hbox (badness 10000) in paragraph at lines 65--66

 []

File: img/breadboard.png Graphic file (type QTm)
<use  "img/breadboard.png" >
File: img/jumperwire.jpg Graphic file (type QTm)
 <use  "img/jumperwire.jpg" >
Underfull \hbox (badness 10000) in paragraph at lines 67--70

 []

[7

]
File: img/multimeter.jpeg Graphic file (type QTm)
 <use  "img/multimeter.jpeg" > [8] [9]

LaTeX Warning: Citation 'ArduinoDok' on page 10 undefined on input line 80.

[10

]
Underfull \hbox (badness 10000) in paragraph at lines 87--88

 []


Underfull \hbox (badness 10000) in paragraph at lines 89--90

 []


Underfull \hbox (badness 10000) in paragraph at lines 91--96

 []


Underfull \hbox (badness 10000) in paragraph at lines 91--96

 []


Underfull \hbox (badness 10000) in paragraph at lines 97--101

 []


Underfull \hbox (badness 10000) in paragraph at lines 97--101

 []


Underfull \hbox (badness 10000) in paragraph at lines 102--110

 []


Underfull \hbox (badness 10000) in paragraph at lines 102--110

 []


Underfull \hbox (badness 10000) in paragraph at lines 111--116

 []


Underfull \hbox (badness 10000) in paragraph at lines 111--116

 []


Underfull \hbox (badness 10000) in paragraph at lines 117--125

 []

[11

]
File: img/orni.jpg Graphic file (type QTm)
 <use  "img/orni.jpg" >
Overfull \hbox (12.02834pt too wide) in paragraph at lines 131--132
 [][] 
 []

[12

] [13

] (kursinis.aux)

LaTeX Warning: There were undefined references.


Package biblatex Warning: Please (re)run Biber on the file:
(biblatex)                kursinis
(biblatex)                and rerun LaTeX afterwards.

Package logreq Info: Writing requests to 'kursinis.run.xml'.
\openout1 = `kursinis.run.xml'.

 ) 
Here is how much of TeX's memory you used:
 22455 strings out of 427841
 431412 string characters out of 3148197
 924075 words of memory out of 3000000
 26148 multiletter control sequences out of 15000+200000
 16582 words of font info for 82 fonts, out of 3000000 for 9000
 1328 hyphenation exceptions out of 8191
 67i,11n,96p,10499b,3426s stack positions out of 5000i,500n,10000p,200000b,50000s

Output written on kursinis.pdf (14 pages).
